mode: set
/home/rmc-dev/go/src/github.com/KevinGoode/inventory/service/cassandra_db.go:18.34,20.2 1 0
/home/rmc-dev/go/src/github.com/KevinGoode/inventory/service/cassandra_db.go:25.71,32.2 5 0
/home/rmc-dev/go/src/github.com/KevinGoode/inventory/service/cassandra_db.go:35.64,39.16 4 0
/home/rmc-dev/go/src/github.com/KevinGoode/inventory/service/cassandra_db.go:42.2,42.16 1 0
/home/rmc-dev/go/src/github.com/KevinGoode/inventory/service/cassandra_db.go:39.16,41.3 1 0
/home/rmc-dev/go/src/github.com/KevinGoode/inventory/service/cassandra_db.go:46.89,50.2 2 0
/home/rmc-dev/go/src/github.com/KevinGoode/inventory/service/cassandra_db.go:53.56,57.16 4 0
/home/rmc-dev/go/src/github.com/KevinGoode/inventory/service/cassandra_db.go:60.2,60.14 1 0
/home/rmc-dev/go/src/github.com/KevinGoode/inventory/service/cassandra_db.go:57.16,59.3 1 0
/home/rmc-dev/go/src/github.com/KevinGoode/inventory/service/cassandra_db.go:64.48,68.16 4 0
/home/rmc-dev/go/src/github.com/KevinGoode/inventory/service/cassandra_db.go:71.2,71.15 1 0
/home/rmc-dev/go/src/github.com/KevinGoode/inventory/service/cassandra_db.go:68.16,70.3 1 0
/home/rmc-dev/go/src/github.com/KevinGoode/inventory/service/cassandra_db.go:75.44,79.16 4 0
/home/rmc-dev/go/src/github.com/KevinGoode/inventory/service/cassandra_db.go:82.2,82.13 1 0
/home/rmc-dev/go/src/github.com/KevinGoode/inventory/service/cassandra_db.go:79.16,81.3 1 0
/home/rmc-dev/go/src/github.com/KevinGoode/inventory/service/cassandra_db.go:86.49,92.2 5 0
/home/rmc-dev/go/src/github.com/KevinGoode/inventory/service/cassandra_db.go:95.62,101.2 5 0
/home/rmc-dev/go/src/github.com/KevinGoode/inventory/service/cassandra_db.go:104.72,110.2 5 0
/home/rmc-dev/go/src/github.com/KevinGoode/inventory/service/cassandra_db.go:113.55,119.2 5 0
/home/rmc-dev/go/src/github.com/KevinGoode/inventory/service/cassandra_db.go:122.72,125.36 3 0
/home/rmc-dev/go/src/github.com/KevinGoode/inventory/service/cassandra_db.go:132.2,132.20 1 0
/home/rmc-dev/go/src/github.com/KevinGoode/inventory/service/cassandra_db.go:125.36,128.17 3 0
/home/rmc-dev/go/src/github.com/KevinGoode/inventory/service/cassandra_db.go:128.17,130.4 1 0
/home/rmc-dev/go/src/github.com/KevinGoode/inventory/service/cassandra_db.go:136.49,139.2 2 0
/home/rmc-dev/go/src/github.com/KevinGoode/inventory/service/parameter_reader.go:16.42,26.2 9 0
/home/rmc-dev/go/src/github.com/KevinGoode/inventory/service/parameter_reader.go:29.57,31.2 1 0
/home/rmc-dev/go/src/github.com/KevinGoode/inventory/service/parameter_reader.go:34.58,36.2 1 0
/home/rmc-dev/go/src/github.com/KevinGoode/inventory/service/parameter_reader.go:39.61,41.2 1 0
/home/rmc-dev/go/src/github.com/KevinGoode/inventory/service/parameter_reader.go:44.59,46.2 1 0
/home/rmc-dev/go/src/github.com/KevinGoode/inventory/service/parameter_reader.go:49.46,52.2 2 0
/home/rmc-dev/go/src/github.com/KevinGoode/inventory/service/parameter_validator.go:9.56,16.20 6 1
/home/rmc-dev/go/src/github.com/KevinGoode/inventory/service/parameter_validator.go:19.2,19.31 1 1
/home/rmc-dev/go/src/github.com/KevinGoode/inventory/service/parameter_validator.go:22.2,22.108 1 1
/home/rmc-dev/go/src/github.com/KevinGoode/inventory/service/parameter_validator.go:26.2,26.129 1 1
/home/rmc-dev/go/src/github.com/KevinGoode/inventory/service/parameter_validator.go:31.2,31.21 1 1
/home/rmc-dev/go/src/github.com/KevinGoode/inventory/service/parameter_validator.go:16.20,18.3 1 0
/home/rmc-dev/go/src/github.com/KevinGoode/inventory/service/parameter_validator.go:19.31,21.3 1 0
/home/rmc-dev/go/src/github.com/KevinGoode/inventory/service/parameter_validator.go:22.108,25.3 2 0
/home/rmc-dev/go/src/github.com/KevinGoode/inventory/service/parameter_validator.go:26.129,30.3 3 0
/home/rmc-dev/go/src/github.com/KevinGoode/inventory/service/parameter_validator.go:35.77,39.2 3 1
/home/rmc-dev/go/src/github.com/KevinGoode/inventory/service/command_runner.go:17.49,25.25 7 1
/home/rmc-dev/go/src/github.com/KevinGoode/inventory/service/command_runner.go:93.2,93.32 1 1
/home/rmc-dev/go/src/github.com/KevinGoode/inventory/service/command_runner.go:25.25,28.42 3 1
/home/rmc-dev/go/src/github.com/KevinGoode/inventory/service/command_runner.go:53.3,53.43 1 1
/home/rmc-dev/go/src/github.com/KevinGoode/inventory/service/command_runner.go:28.42,29.41 1 1
/home/rmc-dev/go/src/github.com/KevinGoode/inventory/service/command_runner.go:51.4,51.42 1 1
/home/rmc-dev/go/src/github.com/KevinGoode/inventory/service/command_runner.go:30.16,32.30 2 0
/home/rmc-dev/go/src/github.com/KevinGoode/inventory/service/command_runner.go:35.27,37.36 2 1
/home/rmc-dev/go/src/github.com/KevinGoode/inventory/service/command_runner.go:40.18,42.34 2 0
/home/rmc-dev/go/src/github.com/KevinGoode/inventory/service/command_runner.go:45.23,47.32 2 0
/home/rmc-dev/go/src/github.com/KevinGoode/inventory/service/command_runner.go:32.30,34.6 1 0
/home/rmc-dev/go/src/github.com/KevinGoode/inventory/service/command_runner.go:37.36,39.6 1 1
/home/rmc-dev/go/src/github.com/KevinGoode/inventory/service/command_runner.go:42.34,44.6 1 0
/home/rmc-dev/go/src/github.com/KevinGoode/inventory/service/command_runner.go:47.32,49.6 1 0
/home/rmc-dev/go/src/github.com/KevinGoode/inventory/service/command_runner.go:53.43,56.42 3 1
/home/rmc-dev/go/src/github.com/KevinGoode/inventory/service/command_runner.go:86.4,86.18 1 1
/home/rmc-dev/go/src/github.com/KevinGoode/inventory/service/command_runner.go:57.15,61.19 4 0
/home/rmc-dev/go/src/github.com/KevinGoode/inventory/service/command_runner.go:64.22,68.19 4 0
/home/rmc-dev/go/src/github.com/KevinGoode/inventory/service/command_runner.go:71.26,75.19 4 1
/home/rmc-dev/go/src/github.com/KevinGoode/inventory/service/command_runner.go:78.17,82.19 4 0
/home/rmc-dev/go/src/github.com/KevinGoode/inventory/service/command_runner.go:61.19,63.6 1 0
/home/rmc-dev/go/src/github.com/KevinGoode/inventory/service/command_runner.go:68.19,70.6 1 0
/home/rmc-dev/go/src/github.com/KevinGoode/inventory/service/command_runner.go:75.19,77.6 1 1
/home/rmc-dev/go/src/github.com/KevinGoode/inventory/service/command_runner.go:82.19,84.6 1 0
/home/rmc-dev/go/src/github.com/KevinGoode/inventory/service/command_runner.go:86.18,88.5 1 0
/home/rmc-dev/go/src/github.com/KevinGoode/inventory/service/command_runner.go:90.8,92.3 1 0
/home/rmc-dev/go/src/github.com/KevinGoode/inventory/service/command_runner.go:97.134,103.2 5 1
/home/rmc-dev/go/src/github.com/KevinGoode/inventory/service/database_factory.go:12.72,16.16 4 1
/home/rmc-dev/go/src/github.com/KevinGoode/inventory/service/database_factory.go:20.2,20.12 1 1
/home/rmc-dev/go/src/github.com/KevinGoode/inventory/service/database_factory.go:16.16,19.3 2 1
/home/rmc-dev/go/src/github.com/KevinGoode/inventory/service/database_factory.go:24.41,25.38 1 1
/home/rmc-dev/go/src/github.com/KevinGoode/inventory/service/database_factory.go:25.38,27.3 1 1
/home/rmc-dev/go/src/github.com/KevinGoode/inventory/service/database_factory.go:31.75,32.20 1 1
/home/rmc-dev/go/src/github.com/KevinGoode/inventory/service/database_factory.go:38.2,38.16 1 1
/home/rmc-dev/go/src/github.com/KevinGoode/inventory/service/database_factory.go:32.20,37.3 4 1
/home/rmc-dev/go/src/github.com/KevinGoode/inventory/service/component_utils.go:9.45,13.2 3 1
